Usuário ID: 3, Nome de Usuário: Brenda da Silva Sousa, Horário de Login: 2024-05-18 16:35:52, Pergunta Secreta: Qual a data do seu nascimento?
Usuário ID: 3, Nome de Usuário: Brenda da Silva Sousa, Horário de Login: 2024-05-18 16:41:02, Pergunta Secreta: Qual o CEP do seu endereço?
Usuário ID: 3, Nome de Usuário: Brenda da Silva Sousa, Horário de Login: 2024-05-18 16:42:46, Pergunta Secreta: Qual o nome da sua mãe?
Usuário ID: 5, Nome de Usuário: ramires cagaoooo, Horário de Login: 2024-05-18 16:51:47, Pergunta Secreta: Qual a data do seu nascimento?
Usuário ID: 3, Nome de Usuário: Brenda da Silva Sousa, Horário de Login: 2024-05-18 16:52:40, Pergunta Secreta: Qual o CEP do seu endereço?
Usuário ID: 5, Nome de Usuário: ramires cagaoooo, Horário de Login: 2024-05-18 16:53:22, Pergunta Secreta: Qual o nome da sua mãe?
Usuário ID: 3, Nome de Usuário: Brenda da Silva Sousa, Horário de Login: 2024-05-18 18:35:21, Pergunta Secreta: Qual o CEP do seu endereço?
Usuário ID: 3, Nome de Usuário: Brenda da Silva Sousa, Horário de Login: 2024-05-18 18:36:08, Pergunta Secreta: Qual o CEP do seu endereço?
Usuário ID: 3, Nome de Usuário: Brenda da Silva Sousa, Horário de Login: 2024-05-18 18:42:46, Pergunta Secreta: Qual a data do seu nascimento?
Usuário ID: 3, Nome de Usuário: Brenda da Silva Sousa, Horário de Login: 2024-05-18 18:45:06, Pergunta Secreta: Qual a data do seu nascimento?
Usuário ID: 3, Nome de Usuário: Brenda da Silva Sousa, Horário de Login: 2024-05-18 18:45:39, Pergunta Secreta: Qual a data do seu nascimento?
Usuário ID: 3, Nome de Usuário: Brenda da Silva Sousa, Horário de Login: 2024-05-18 18:46:31, Pergunta Secreta: Qual o nome da sua mãe?
Usuário ID: 3, Nome de Usuário: Brenda da Silva Sousa, Horário de Login: 2024-05-18 18:46:48, Pergunta Secreta: Qual a data do seu nascimento?
Usuário ID: 3, Nome de Usuário: Brenda da Silva Sousa, Horário de Login: 2024-05-18 18:46:56, Pergunta Secreta: Qual o CEP do seu endereço?
Usuário ID: 3, Nome de Usuário: Brenda da Silva Sousa, Horário de Login: 2024-05-18 18:47:08, Pergunta Secreta: Qual o nome da sua mãe?
Usuário ID: 3, Nome de Usuário: Brenda da Silva Sousa, Horário de Login: 2024-05-18 18:47:29, Pergunta Secreta: Qual a data do seu nascimento?
Usuário ID: 3, Nome de Usuário: Brenda da Silva Sousa, Horário de Login: 2024-05-18 18:47:36, Pergunta Secreta: Qual a data do seu nascimento?
Usuário ID: 3, Nome de Usuário: Brenda da Silva Sousa, Horário de Login: 2024-05-18 18:47:42, Pergunta Secreta: Qual a data do seu nascimento?
Usuário ID: 3, Nome de Usuário: Brenda da Silva Sousa, Horário de Login: 2024-05-18 18:48:30, Pergunta Secreta: Qual a data do seu nascimento?
Usuário ID: 5, Nome de Usuário: ramires cagaoooo, Horário de Login: 2024-05-18 18:50:28, Pergunta Secreta: Qual o CEP do seu endereço?
Usuário ID: 5, Nome de Usuário: ramires cagaoooo, Horário de Login: 2024-05-18 18:52:36, Pergunta Secreta: Qual o CEP do seu endereço?
Usuário ID: 3, Nome de Usuário: Brenda da Silva Sousa, Horário de Login: 2024-05-18 18:53:19, Pergunta Secreta: Qual o nome da sua mãe?
Usuário ID: 5, Nome de Usuário: ramires cagaoooo, Horário de Login: 2024-05-18 13:58:27, Pergunta Secreta: Qual a data do seu nascimento?
Usuário ID: 2, Nome de Usuário: Ingridy da Silva Sousa, Horário de Login: 2024-05-18 13:59:26, Pergunta Secreta: Qual a data do seu nascimento?
Usuário ID: 3, Nome de Usuário: Brenda da Silva Sousa, Horário de Login: 2024-05-18 14:08:47, Pergunta Secreta: Qual a data do seu nascimento?
Usuário ID: 3, Nome de Usuário: Brenda da Silva Sousa, Horário de Login: 2024-05-18 14:08:55, Pergunta Secreta: Qual a data do seu nascimento?
Usuário ID: 3, Nome de Usuário: Brenda da Silva Sousa, Horário de Login: 2024-05-18 14:09:07, Pergunta Secreta: Qual o CEP do seu endereço?
Usuário ID: 3, Nome de Usuário: Brenda da Silva Sousa, Horário de Login: 2024-05-18 14:09:15, Pergunta Secreta: Qual o nome da sua mãe?
